  main.cpp
C:\Users\derpb\Documents\GitHub\SDL-OpenGL-Fire-Game\Project1\main.cpp(303,88): warning C4244: 'argument': conversion from 'int' to 'float', possible loss of data
C:\Users\derpb\Documents\GitHub\SDL-OpenGL-Fire-Game\Project1\main.cpp(303,60): warning C4244: 'argument': conversion from 'int' to 'float', possible loss of data
C:\Users\derpb\Documents\GitHub\SDL-OpenGL-Fire-Game\Project1\main.cpp(387,130): warning C4244: 'argument': conversion from 'float' to 'int', possible loss of data
C:\Users\derpb\Documents\GitHub\SDL-OpenGL-Fire-Game\Project1\main.cpp(387,91): warning C4244: 'argument': conversion from 'float' to 'int', possible loss of data
C:\Users\derpb\Documents\GitHub\SDL-OpenGL-Fire-Game\Project1\main.cpp(387,54): warning C4244: 'argument': conversion from 'float' to 'int', possible loss of data
C:\Users\derpb\Documents\GitHub\SDL-OpenGL-Fire-Game\Project1\main.cpp(387,40): warning C4244: 'argument': conversion from 'float' to 'int', possible loss of data
C:\Users\derpb\Documents\GitHub\SDL-OpenGL-Fire-Game\Project1\main.cpp(388,130): warning C4244: 'argument': conversion from 'float' to 'int', possible loss of data
C:\Users\derpb\Documents\GitHub\SDL-OpenGL-Fire-Game\Project1\main.cpp(388,91): warning C4244: 'argument': conversion from 'float' to 'int', possible loss of data
C:\Users\derpb\Documents\GitHub\SDL-OpenGL-Fire-Game\Project1\main.cpp(388,54): warning C4244: 'argument': conversion from 'float' to 'int', possible loss of data
C:\Users\derpb\Documents\GitHub\SDL-OpenGL-Fire-Game\Project1\main.cpp(388,40): warning C4244: 'argument': conversion from 'float' to 'int', possible loss of data
C:\Users\derpb\Documents\GitHub\SDL-OpenGL-Fire-Game\Project1\main.cpp(389,128): warning C4244: 'argument': conversion from 'float' to 'int', possible loss of data
C:\Users\derpb\Documents\GitHub\SDL-OpenGL-Fire-Game\Project1\main.cpp(389,90): warning C4244: 'argument': conversion from 'float' to 'int', possible loss of data
C:\Users\derpb\Documents\GitHub\SDL-OpenGL-Fire-Game\Project1\main.cpp(389,54): warning C4244: 'argument': conversion from 'float' to 'int', possible loss of data
C:\Users\derpb\Documents\GitHub\SDL-OpenGL-Fire-Game\Project1\main.cpp(389,40): warning C4244: 'argument': conversion from 'float' to 'int', possible loss of data
C:\Users\derpb\Documents\GitHub\SDL-OpenGL-Fire-Game\Project1\main.cpp(392,221): warning C4244: 'argument': conversion from 'float' to 'int', possible loss of data
C:\Users\derpb\Documents\GitHub\SDL-OpenGL-Fire-Game\Project1\main.cpp(392,152): warning C4244: 'argument': conversion from 'float' to 'int', possible loss of data
C:\Users\derpb\Documents\GitHub\SDL-OpenGL-Fire-Game\Project1\main.cpp(392,99): warning C4244: 'argument': conversion from 'float' to 'int', possible loss of data
C:\Users\derpb\Documents\GitHub\SDL-OpenGL-Fire-Game\Project1\main.cpp(392,62): warning C4244: 'argument': conversion from 'float' to 'int', possible loss of data
C:\Users\derpb\Documents\GitHub\SDL-OpenGL-Fire-Game\Project1\main.cpp(393,227): warning C4244: 'argument': conversion from 'float' to 'int', possible loss of data
C:\Users\derpb\Documents\GitHub\SDL-OpenGL-Fire-Game\Project1\main.cpp(393,156): warning C4244: 'argument': conversion from 'float' to 'int', possible loss of data
C:\Users\derpb\Documents\GitHub\SDL-OpenGL-Fire-Game\Project1\main.cpp(393,102): warning C4244: 'argument': conversion from 'float' to 'int', possible loss of data
C:\Users\derpb\Documents\GitHub\SDL-OpenGL-Fire-Game\Project1\main.cpp(393,63): warning C4244: 'argument': conversion from 'float' to 'int', possible loss of data
C:\Users\derpb\Documents\GitHub\SDL-OpenGL-Fire-Game\Project1\main.cpp(400,38): warning C4838: conversion from 'float' to 'Sint16' requires a narrowing conversion
C:\Users\derpb\Documents\GitHub\SDL-OpenGL-Fire-Game\Project1\main.cpp(400,38): warning C4244: 'initializing': conversion from 'float' to 'Sint16', possible loss of data
C:\Users\derpb\Documents\GitHub\SDL-OpenGL-Fire-Game\Project1\main.cpp(400,75): warning C4838: conversion from 'float' to 'Sint16' requires a narrowing conversion
C:\Users\derpb\Documents\GitHub\SDL-OpenGL-Fire-Game\Project1\main.cpp(400,75): warning C4244: 'initializing': conversion from 'float' to 'Sint16', possible loss of data
C:\Users\derpb\Documents\GitHub\SDL-OpenGL-Fire-Game\Project1\main.cpp(400,129): warning C4838: conversion from 'float' to 'Sint16' requires a narrowing conversion
C:\Users\derpb\Documents\GitHub\SDL-OpenGL-Fire-Game\Project1\main.cpp(400,129): warning C4244: 'initializing': conversion from 'float' to 'Sint16', possible loss of data
C:\Users\derpb\Documents\GitHub\SDL-OpenGL-Fire-Game\Project1\main.cpp(401,38): warning C4838: conversion from 'float' to 'Sint16' requires a narrowing conversion
C:\Users\derpb\Documents\GitHub\SDL-OpenGL-Fire-Game\Project1\main.cpp(401,38): warning C4244: 'initializing': conversion from 'float' to 'Sint16', possible loss of data
C:\Users\derpb\Documents\GitHub\SDL-OpenGL-Fire-Game\Project1\main.cpp(401,75): warning C4838: conversion from 'float' to 'Sint16' requires a narrowing conversion
C:\Users\derpb\Documents\GitHub\SDL-OpenGL-Fire-Game\Project1\main.cpp(401,75): warning C4244: 'initializing': conversion from 'float' to 'Sint16', possible loss of data
C:\Users\derpb\Documents\GitHub\SDL-OpenGL-Fire-Game\Project1\main.cpp(401,129): warning C4838: conversion from 'float' to 'Sint16' requires a narrowing conversion
C:\Users\derpb\Documents\GitHub\SDL-OpenGL-Fire-Game\Project1\main.cpp(401,129): warning C4244: 'initializing': conversion from 'float' to 'Sint16', possible loss of data
C:\Users\derpb\Documents\GitHub\SDL-OpenGL-Fire-Game\Project1\main.cpp(403,36): warning C4838: conversion from 'float' to 'Sint16' requires a narrowing conversion
C:\Users\derpb\Documents\GitHub\SDL-OpenGL-Fire-Game\Project1\main.cpp(403,36): warning C4244: 'initializing': conversion from 'float' to 'Sint16', possible loss of data
C:\Users\derpb\Documents\GitHub\SDL-OpenGL-Fire-Game\Project1\main.cpp(403,73): warning C4838: conversion from 'float' to 'Sint16' requires a narrowing conversion
C:\Users\derpb\Documents\GitHub\SDL-OpenGL-Fire-Game\Project1\main.cpp(403,73): warning C4244: 'initializing': conversion from 'float' to 'Sint16', possible loss of data
C:\Users\derpb\Documents\GitHub\SDL-OpenGL-Fire-Game\Project1\main.cpp(403,127): warning C4838: conversion from 'float' to 'Sint16' requires a narrowing conversion
C:\Users\derpb\Documents\GitHub\SDL-OpenGL-Fire-Game\Project1\main.cpp(403,127): warning C4244: 'initializing': conversion from 'float' to 'Sint16', possible loss of data
C:\Users\derpb\Documents\GitHub\SDL-OpenGL-Fire-Game\Project1\main.cpp(404,36): warning C4838: conversion from 'float' to 'Sint16' requires a narrowing conversion
C:\Users\derpb\Documents\GitHub\SDL-OpenGL-Fire-Game\Project1\main.cpp(404,36): warning C4244: 'initializing': conversion from 'float' to 'Sint16', possible loss of data
C:\Users\derpb\Documents\GitHub\SDL-OpenGL-Fire-Game\Project1\main.cpp(404,73): warning C4838: conversion from 'float' to 'Sint16' requires a narrowing conversion
C:\Users\derpb\Documents\GitHub\SDL-OpenGL-Fire-Game\Project1\main.cpp(404,73): warning C4244: 'initializing': conversion from 'float' to 'Sint16', possible loss of data
C:\Users\derpb\Documents\GitHub\SDL-OpenGL-Fire-Game\Project1\main.cpp(404,127): warning C4838: conversion from 'float' to 'Sint16' requires a narrowing conversion
C:\Users\derpb\Documents\GitHub\SDL-OpenGL-Fire-Game\Project1\main.cpp(404,127): warning C4244: 'initializing': conversion from 'float' to 'Sint16', possible loss of data
C:\Users\derpb\Documents\GitHub\SDL-OpenGL-Fire-Game\Project1\main.cpp(464,22): warning C4244: 'initializing': conversion from 'double' to 'float', possible loss of data
C:\Users\derpb\Documents\GitHub\SDL-OpenGL-Fire-Game\Project1\main.cpp(473,27): warning C4244: 'initializing': conversion from 'double' to 'float', possible loss of data
  Project1.vcxproj -> C:\Users\derpb\Documents\GitHub\SDL-OpenGL-Fire-Game\x64\Debug\Project1.exe
